c:\users\user\documents\visual studio 2013\projects\gameproject\base\debug\controller.obj
c:\users\user\documents\visual studio 2013\projects\gameproject\base\debug\gamecontroller2d.obj
c:\users\user\documents\visual studio 2013\projects\gameproject\base\debug\gamemodel2d.obj
c:\users\user\documents\visual studio 2013\projects\gameproject\base\debug\gamemodellevel1.obj
c:\users\user\documents\visual studio 2013\projects\gameproject\base\debug\gamemodellevel2.obj
c:\users\user\documents\visual studio 2013\projects\gameproject\base\debug\gameview2d.obj
c:\users\user\documents\visual studio 2013\projects\gameproject\base\debug\loadhmap.obj
c:\users\user\documents\visual studio 2013\projects\gameproject\base\debug\loadobj.obj
c:\users\user\documents\visual studio 2013\projects\gameproject\base\debug\loadtga.obj
c:\users\user\documents\visual studio 2013\projects\gameproject\base\debug\main.obj
c:\users\user\documents\visual studio 2013\projects\gameproject\base\debug\mesh.obj
c:\users\user\documents\visual studio 2013\projects\gameproject\base\debug\meshbuilder.obj
c:\users\user\documents\visual studio 2013\projects\gameproject\base\debug\model.obj
c:\users\user\documents\visual studio 2013\projects\gameproject\base\debug\mousecharacter.obj
c:\users\user\documents\visual studio 2013\projects\gameproject\base\debug\playercharacter.obj
c:\users\user\documents\visual studio 2013\projects\gameproject\base\debug\shader.obj
c:\users\user\documents\visual studio 2013\projects\gameproject\base\debug\spriteanimation.obj
c:\users\user\documents\visual studio 2013\projects\gameproject\base\debug\tilemap.obj
c:\users\user\documents\visual studio 2013\projects\gameproject\base\debug\utility.obj
c:\users\user\documents\visual studio 2013\projects\gameproject\base\debug\view.obj
c:\users\user\documents\visual studio 2013\projects\gameproject\base\debug\camera.obj
c:\users\user\documents\visual studio 2013\projects\gameproject\base\debug\camera3.obj
c:\users\user\documents\visual studio 2013\projects\gameproject\base\debug\character.obj
c:\users\user\documents\visual studio 2013\projects\gameproject\base\debug\vc100.pdb
c:\users\user\documents\visual studio 2013\projects\gameproject\base\debug\menumodel.obj
c:\users\user\documents\visual studio 2013\projects\gameproject\base\debug\menucontroller.obj
c:\users\user\documents\visual studio 2013\projects\gameproject\base\debug\menuview.obj
c:\users\user\documents\visual studio 2013\projects\gameproject\debug\base.exe
c:\users\user\documents\visual studio 2013\projects\gameproject\base\debug\base.exe.intermediate.manifest
c:\users\user\documents\visual studio 2013\projects\gameproject\debug\base.pdb
c:\users\user\documents\visual studio 2013\projects\gameproject\base\debug\cl.command.1.tlog
c:\users\user\documents\visual studio 2013\projects\gameproject\base\debug\cl.read.1.tlog
c:\users\user\documents\visual studio 2013\projects\gameproject\base\debug\cl.write.1.tlog
c:\users\user\documents\visual studio 2013\projects\gameproject\base\debug\link.command.1.tlog
c:\users\user\documents\visual studio 2013\projects\gameproject\base\debug\link.read.1.tlog
c:\users\user\documents\visual studio 2013\projects\gameproject\base\debug\link.write.1.tlog
c:\users\user\documents\visual studio 2013\projects\gameproject\base\debug\mt.command.1.tlog
c:\users\user\documents\visual studio 2013\projects\gameproject\base\debug\mt.read.1.tlog
c:\users\user\documents\visual studio 2013\projects\gameproject\base\debug\mt.write.1.tlog
c:\users\user\documents\visual studio 2013\projects\gameproject\base\debug\vc100.idb
